Arguments: 
  /usr/local/bin/node /usr/local/bin/yarn add react-test-renderer@16.0.0

PATH: 
  /usr/local/bin:/usr/bin:/bin:/usr/sbin:/sbin

Yarn version: 
  1.22.10

Node version: 
  14.15.3

Platform: 
  darwin x64

Trace: 
  Error: self signed certificate in certificate chain
      at TLSSocket.onConnectSecure (_tls_wrap.js:1497:34)
      at TLSSocket.emit (events.js:315:20)
      at TLSSocket._finishInit (_tls_wrap.js:932:8)
      at TLSWrap.ssl.onhandshakedone (_tls_wrap.js:706:12)

npm manifest: 
  {
    "name": "expensify",
    "version": "1.0.0",
    "main": "index.js",
    "license": "MIT",
    "scripts": {
      "serve": "live-server public/",
      "build": "webpack",
      "dev-server": "webpack-dev-server",
      "test": "jest"
    },
    "dependencies": {
      "babel-cli": "^6.24.1",
      "babel-core": "^6.25.0",
      "babel-loader": "^7.1.1",
      "babel-plugin-transform-class-properties": "^6.24.1",
      "babel-plugin-transform-object-rest-spread": "^6.23.0",
      "babel-preset-env": "^1.5.2",
      "babel-preset-react": "^6.24.1",
      "css-loader": "^0.28.4",
      "jest": "^20.0.4",
      "live-server": "^1.2.1",
      "moment": "^2.18.1",
      "node-sass": "^5.0.0",
      "normalize.css": "^7.0.0",
      "react": "^16.0.0",
      "react-addons-shallow-compare": "^15.6.0",
      "react-dates": "^12.7.0",
      "react-dom": "^16.0.0",
      "react-modal": "^2.2.2",
      "react-redux": "^5.0.5",
      "react-router": "^4.3.1",
      "react-router-dom": "^4.2.2",
      "redux": "^3.7.2",
      "sass-loader": "^6.0.6",
      "style-loader": "^0.18.2",
      "uuid": "^3.1.0",
      "validator": "^8.0.0",
      "webpack": "^3.1.0",
      "webpack-dev-server": "^2.5.1"
    }
  }

yarn manifest: 
  No manifest

Lockfile: 
  No lockfile
